10:34:09.382 INFO [GridLauncherV3.parse] - Selenium server version: 3.141.59, revision: e82be7d358
10:34:09.564 INFO [GridLauncherV3.lambda$buildLaunchers$3] - Launching a standalone Selenium Server on port 4444
2019-08-06 10:34:09.691:INFO::main: Logging initialized @721ms to org.seleniumhq.jetty9.util.log.StdErrLog
10:34:10.000 INFO [WebDriverServlet.<init>] - Initialising WebDriverServlet
10:34:10.244 INFO [SeleniumServer.boot] - Selenium Server is up and running on port 4444
10:34:11.362 INFO [ActiveSessionFactory.apply] - Capabilities are: {
  "acceptSslCerts": true,
  "browserName": "chrome",
  "chromeOptions": {
    "args": [
    ],
    "w3c": false
  },
  "name": "Duck Duck Go"
}
10:34:11.364 INFO [ActiveSessionFactory.lambda$apply$11] - Matched factory org.openqa.selenium.grid.session.remote.ServicedSession$Factory (provider: org.openqa.selenium.chrome.ChromeDriverService)
Starting ChromeDriver 76.0.3809.68 (420c9498db8ce8fcd190a954d51297672c1515d5-refs/branch-heads/3809@{#864}) on port 32841
Only local connections are allowed.
Please protect ports used by ChromeDriver and related test frameworks to prevent access by malicious code.
10:34:13.800 INFO [ActiveSessionFactory.apply] - Capabilities are: {
  "acceptSslCerts": true,
  "browserName": "chrome",
  "chromeOptions": {
    "args": [
    ],
    "w3c": false
  },
  "name": "Login Page"
}
10:34:13.801 INFO [ActiveSessionFactory.lambda$apply$11] - Matched factory org.openqa.selenium.grid.session.remote.ServicedSession$Factory (provider: org.openqa.selenium.chrome.ChromeDriverService)
Starting ChromeDriver 76.0.3809.68 (420c9498db8ce8fcd190a954d51297672c1515d5-refs/branch-heads/3809@{#864}) on port 45165
Only local connections are allowed.
Please protect ports used by ChromeDriver and related test frameworks to prevent access by malicious code.
